<?xml version="1.0" encoding="UTF-8"?>
<testng-results skipped="0" failed="0" ignored="0" total="1" passed="1">
  <reporter-output>
  </reporter-output>
  <suite name="Suite" duration-ms="481055" started-at="2020-07-10T03:27:32Z" finished-at="2020-07-10T03:35:33Z">
    <groups>
      <group name="cucumber">
        <method signature="AbstractTestNGCucumberTests.feature(cucumber.api.testng.CucumberFeatureWrapper)[pri:0, instance:runner.testrunner@614c5515]" name="feature" class="cucumber.api.testng.AbstractTestNGCucumberTests"/>
      </group> <!-- cucumber -->
    </groups>
    <test name="Test" duration-ms="481055" started-at="2020-07-10T03:27:32Z" finished-at="2020-07-10T03:35:33Z">
      <class name="runner.testrunner">
        <test-method status="PASS" signature="setUpClass()[pri:0, instance:runner.testrunner@614c5515]" name="setUpClass" is-config="true" duration-ms="470" started-at="2020-07-10T03:27:32Z" finished-at="2020-07-10T03:27:32Z">
          <reporter-output>
          </reporter-output>
        </test-method> <!-- setUpClass -->
        <test-method status="PASS" signature="feature(cucumber.api.testng.CucumberFeatureWrapper)[pri:0, instance:runner.testrunner@614c5515]" name="feature" duration-ms="469999" started-at="2020-07-10T03:27:33Z" description="Runs Cucumber Feature" data-provider="features" finished-at="2020-07-10T03:35:23Z">
          <params>
            <param index="0">
              <value>
                <![CDATA[Registration]]>
              </value>
            </param>
          </params>
          <reporter-output>
          </reporter-output>
        </test-method> <!-- feature -->
        <test-method status="PASS" signature="tearDownClass()[pri:0, instance:runner.testrunner@614c5515]" name="tearDownClass" is-config="true" duration-ms="10408" started-at="2020-07-10T03:35:23Z" finished-at="2020-07-10T03:35:33Z">
          <reporter-output>
          </reporter-output>
        </test-method> <!-- tearDownClass -->
      </class> <!-- runner.testrunner -->
    </test> <!-- Test -->
  </suite> <!-- Suite -->
</testng-results>
