<?xml version="1.0" encoding="UTF-8"?>
<testsuite xmlns:xsi="http://www.w3.org/2001/XMLSchema-instance" xsi:noNamespaceSchemaLocation="https://maven.apache.org/surefire/maven-surefire-plugin/xsd/surefire-test-report.xsd" name="TestSuite" time="95.935" tests="1" errors="0" skipped="0" failures="1">
  <properties>
[...]
</properties>
  <testcase name="feature" classname="runner.testrunner" time="74.333">
    <failure message="org.openqa.selenium.support.ui.UnexpectedTagNameException: Element should have been &quot;select&quot; but was &quot;div&quot;&#10;Build info: version: &apos;3.141.59&apos;, revision: &apos;e82be7d358&apos;, time: &apos;2018-11-14T08:17:03&apos;&#10;System info: host: &apos;DESKTOP-F97KTJJ&apos;, ip: &apos;192.168.43.47&apos;, os.name: &apos;Windows 10&apos;, os.arch: &apos;amd64&apos;, os.version: &apos;10.0&apos;, java.version: &apos;1.8.0_201&apos;&#10;Driver info: driver.version: unknown" type="cucumber.runtime.CucumberException">cucumber.runtime.CucumberException: 
org.openqa.selenium.support.ui.UnexpectedTagNameException: Element should have been "select" but was "div"
Build info: version: '3.141.59', revision: 'e82be7d358', time: '2018-11-14T08:17:03'
System info: host: 'DESKTOP-F97KTJJ', ip: '192.168.43.47', os.name: 'Windows 10', os.arch: 'amd64', os.version: '10.0', java.version: '1.8.0_201'
Driver info: driver.version: unknown
Caused by: org.openqa.selenium.support.ui.UnexpectedTagNameException: 
Element should have been "select" but was "div"
Build info: version: '3.141.59', revision: 'e82be7d358', time: '2018-11-14T08:17:03'
System info: host: 'DESKTOP-F97KTJJ', ip: '192.168.43.47', os.name: 'Windows 10', os.arch: 'amd64', os.version: '10.0', java.version: '1.8.0_201'
Driver info: driver.version: unknown
</failure>
    <system-out><![CDATA[Feature: Registration

  @Scenario2
  Scenario: Registration form                                                              &amp#27;[90m# login.feature:34&amp#27;[0m
    &amp#27;[32mGiven &amp#27;[0m&amp#27;[32muser login to the site&amp#27;[0m                                                           &amp#27;[90m# loginStepDefinitions.login()&amp#27;[0m
    &amp#27;[32mThen &amp#27;[0m&amp#27;[32mclick on the Skiplogin&amp#27;[0m                                                            &amp#27;[90m# loginStepDefinitions.SkipLogin()&amp#27;[0m
    &amp#27;[32mThen &amp#27;[0m&amp#27;[32menter the firstname as "&amp#27;[0m&amp#27;[32m&amp#27;[1mMonika&amp#27;[0m&amp#27;[32m" and lastname as "&amp#27;[0m&amp#27;[32m&amp#27;[1mVaishnavi&amp#27;[0m&amp#27;[32m"&amp#27;[0m                       &amp#27;[90m# loginStepDefinitions.user_enters_firstname_lastname(String,String)&amp#27;[0m
    &amp#27;[32mThen &amp#27;[0m&amp#27;[32menter the address as "&amp#27;[0m&amp#27;[32m&amp#27;[1mPillayar Street&amp#27;[0m&amp#27;[32m" and email as "&amp#27;[0m&amp#27;[32m&amp#27;[1mmoni126@gmail.com&amp#27;[0m&amp#27;[32m"&amp#27;[0m           &amp#27;[90m# loginStepDefinitions.user_enter_address(String,String)&amp#27;[0m
    &amp#27;[32mThen &amp#27;[0m&amp#27;[32menter the phone num as "&amp#27;[0m&amp#27;[32m&amp#27;[1m9863251475&amp#27;[0m&amp#27;[32m"&amp#27;[0m                                               &amp#27;[90m# loginStepDefinitions.user_enter_phone(String)&amp#27;[0m
    &amp#27;[32mThen &amp#27;[0m&amp#27;[32mclick on the radiobutton as "&amp#27;[0m&amp#27;[32m&amp#27;[1mFeMale&amp#27;[0m&amp#27;[32m"&amp#27;[0m                                              &amp#27;[90m# loginStepDefinitions.click_Gender(String)&amp#27;[0m
    &amp#27;[32mThen &amp#27;[0m&amp#27;[32mclick on the Hobbies as "&amp#27;[0m&amp#27;[32m&amp#27;[1mCricket&amp#27;[0m&amp#27;[32m"&amp#27;[0m                                                 &amp#27;[90m# loginStepDefinitions.click_hobbies(String)&amp#27;[0m
    &amp#27;[31mThen &amp#27;[0m&amp#27;[31mselect the language as "&amp#27;[0m&amp#27;[31m&amp#27;[1mEnglish&amp#27;[0m&amp#27;[31m"&amp#27;[0m                                                  &amp#27;[90m# loginStepDefinitions.select_language(String)&amp#27;[0m
      &amp#27;[31morg.openqa.selenium.support.ui.UnexpectedTagNameException: Element should have been "select" but was "div"
      Build info: version: '3.141.59', revision: 'e82be7d358', time: '2018-11-14T08:17:03'
      System info: host: 'DESKTOP-F97KTJJ', ip: '192.168.43.47', os.name: 'Windows 10', os.arch: 'amd64', os.version: '10.0', java.version: '1.8.0_201'
      Driver info: driver.version: unknown
      	at org.openqa.selenium.support.ui.Select.<init>(Select.java:48)
      	at stepDefinitions.loginStepDefinitions.select_language(loginStepDefinitions.java:49)
      	at ?.Then select the language as "English"(login.feature:43)
      &amp#27;[0m
    &amp#27;[36mThen &amp#27;[0m&amp#27;[36mselect the Skill as "&amp#27;[0m&amp#27;[36m&amp#27;[1mC&amp#27;[0m&amp#27;[36m"&amp#27;[0m                                                           &amp#27;[90m# loginStepDefinitions.select_skill(String)&amp#27;[0m
    &amp#27;[36mThen &amp#27;[0m&amp#27;[36mselect the country dropdown as "&amp#27;[0m&amp#27;[36m&amp#27;[1mIndia&amp#27;[0m&amp#27;[36m"&amp#27;[0m                                            &amp#27;[90m# loginStepDefinitions.select_country(String)&amp#27;[0m
    &amp#27;[36mThen &amp#27;[0m&amp#27;[36mselect the select country by typing "&amp#27;[0m&amp#27;[36m&amp#27;[1min&amp#27;[0m&amp#27;[36m" and select the select country as "&amp#27;[0m&amp#27;[36m&amp#27;[1mIndia&amp#27;[0m&amp#27;[36m"&amp#27;[0m &amp#27;[90m# loginStepDefinitions.select_selectcountry(String,String)&amp#27;[0m
]]></system-out>
    <system-err><![CDATA[Starting ChromeDriver 83.0.4103.39 (ccbf011cb2d2b19b506d844400483861342c20cd-refs/branch-heads/4103@{#416}) on port 9804
Only local connections are allowed.
Please see https://chromedriver.chromium.org/security-considerations for suggestions on keeping ChromeDriver safe.
ChromeDriver was started successfully.
Jul 03, 2020 12:02:02 AM org.openqa.selenium.remote.ProtocolHandshake createSession
INFO: Detected dialect: W3C
]]></system-err>
  </testcase>
</testsuite>