<?xml version="1.0" encoding="UTF-8"?>
<testng-results skipped="0" failed="0" total="1" passed="1">
  <reporter-output>
  </reporter-output>
  <suite name="Suite" duration-ms="37329" started-at="2020-07-10T13:32:27Z" finished-at="2020-07-10T13:33:04Z">
    <groups>
      <group name="cucumber">
        <method signature="AbstractTestNGCucumberTests.feature(cucumber.api.testng.CucumberFeatureWrapper)[pri:0, instance:runner.testrunner@6debcae2]" name="feature" class="cucumber.api.testng.AbstractTestNGCucumberTests"/>
      </group> <!-- cucumber -->
    </groups>
    <test name="Test" duration-ms="37329" started-at="2020-07-10T13:32:27Z" finished-at="2020-07-10T13:33:04Z">
      <class name="runner.testrunner">
        <test-method status="PASS" signature="setUpClass()[pri:0, instance:runner.testrunner@6debcae2]" name="setUpClass" is-config="true" duration-ms="862" started-at="2020-07-10T19:02:27Z" finished-at="2020-07-10T19:02:27Z">
          <reporter-output>
          </reporter-output>
        </test-method> <!-- setUpClass -->
        <test-method status="PASS" signature="feature(cucumber.api.testng.CucumberFeatureWrapper)[pri:0, instance:runner.testrunner@6debcae2]" name="feature" duration-ms="34863" started-at="2020-07-10T19:02:28Z" description="Runs Cucumber Feature" data-provider="features" finished-at="2020-07-10T19:03:02Z">
          <params>
            <param index="0">
              <value>
                <![CDATA[Registration]]>
              </value>
            </param>
          </params>
          <reporter-output>
          </reporter-output>
        </test-method> <!-- feature -->
        <test-method status="PASS" signature="tearDownClass()[pri:0, instance:runner.testrunner@6debcae2]" name="tearDownClass" is-config="true" duration-ms="1416" started-at="2020-07-10T19:03:02Z" finished-at="2020-07-10T19:03:04Z">
          <reporter-output>
          </reporter-output>
        </test-method> <!-- tearDownClass -->
      </class> <!-- runner.testrunner -->
    </test> <!-- Test -->
  </suite> <!-- Suite -->
</testng-results>
