<?xml version="1.0" encoding="UTF-8"?>
<testng-results skipped="0" failed="0" total="1" passed="1">
  <reporter-output>
  </reporter-output>
  <suite name="Suite" duration-ms="34017" started-at="2020-07-06T15:14:37Z" finished-at="2020-07-06T15:15:11Z">
    <groups>
      <group name="cucumber">
        <method signature="AbstractTestNGCucumberTests.feature(cucumber.api.testng.CucumberFeatureWrapper)[pri:0, instance:runner.testrunner@6debcae2]" name="feature" class="cucumber.api.testng.AbstractTestNGCucumberTests"/>
      </group> <!-- cucumber -->
    </groups>
    <test name="Test" duration-ms="34017" started-at="2020-07-06T15:14:37Z" finished-at="2020-07-06T15:15:11Z">
      <class name="runner.testrunner">
        <test-method status="PASS" signature="setUpClass()[pri:0, instance:runner.testrunner@6debcae2]" name="setUpClass" is-config="true" duration-ms="1255" started-at="2020-07-06T20:44:37Z" finished-at="2020-07-06T20:44:38Z">
          <reporter-output>
          </reporter-output>
        </test-method> <!-- setUpClass -->
        <test-method status="PASS" signature="feature(cucumber.api.testng.CucumberFeatureWrapper)[pri:0, instance:runner.testrunner@6debcae2]" name="feature" duration-ms="31880" started-at="2020-07-06T20:44:38Z" description="Runs Cucumber Feature" data-provider="features" finished-at="2020-07-06T20:45:10Z">
          <params>
            <param index="0">
              <value>
                <![CDATA[Registration]]>
              </value>
            </param>
          </params>
          <reporter-output>
          </reporter-output>
        </test-method> <!-- feature -->
        <test-method status="PASS" signature="tearDownClass()[pri:0, instance:runner.testrunner@6debcae2]" name="tearDownClass" is-config="true" duration-ms="631" started-at="2020-07-06T20:45:10Z" finished-at="2020-07-06T20:45:11Z">
          <reporter-output>
          </reporter-output>
        </test-method> <!-- tearDownClass -->
      </class> <!-- runner.testrunner -->
    </test> <!-- Test -->
  </suite> <!-- Suite -->
</testng-results>
